<?xml version="1.0" encoding="UTF-8"?>
<testng-results skipped="0" failed="0" ignored="0" total="1" passed="1">
  <reporter-output>
  </reporter-output>
  <suite name="Default suite" duration-ms="99687" started-at="2022-07-15T17:48:12 IST" finished-at="2022-07-15T17:49:51 IST">
    <groups>
    </groups>
    <test name="Default test" duration-ms="99687" started-at="2022-07-15T17:48:12 IST" finished-at="2022-07-15T17:49:51 IST">
      <class name="com.mystore.testCases.LoginPageTest">
        <test-method status="PASS" signature="loadConfig()[pri:0, instance:com.mystore.testCases.LoginPageTest@50d0686]" name="loadConfig" is-config="true" duration-ms="12" started-at="2022-07-15T17:48:12 IST" finished-at="2022-07-15T17:48:12 IST">
          <reporter-output>
          </reporter-output>
        </test-method> <!-- loadConfig -->
        <test-method status="PASS" signature="setUp()[pri:0, instance:com.mystore.testCases.LoginPageTest@50d0686]" name="setUp" is-config="true" duration-ms="69146" started-at="2022-07-15T17:48:12 IST" finished-at="2022-07-15T17:49:21 IST">
          <reporter-output>
          </reporter-output>
        </test-method> <!-- setUp -->
        <test-method status="PASS" signature="login()[pri:0, instance:com.mystore.testCases.LoginPageTest@50d0686]" name="login" duration-ms="26878" started-at="2022-07-15T17:49:21 IST" finished-at="2022-07-15T17:49:48 IST">
          <reporter-output>
          </reporter-output>
        </test-method> <!-- login -->
        <test-method status="PASS" signature="closeBrowser()[pri:0, instance:com.mystore.testCases.LoginPageTest@50d0686]" name="closeBrowser" is-config="true" duration-ms="3570" started-at="2022-07-15T17:49:48 IST" finished-at="2022-07-15T17:49:51 IST">
          <reporter-output>
          </reporter-output>
        </test-method> <!-- closeBrowser -->
      </class> <!-- com.mystore.testCases.LoginPageTest -->
    </test> <!-- Default test -->
  </suite> <!-- Default suite -->
</testng-results>
